C:\USERS\MANHUA\DOCUMENTS\VISUAL STUDIO 2010\PROJECTS\WUZIQI\DEBUG\WUZIQI.EXE
C:\USERS\MANHUA\DOCUMENTS\VISUAL STUDIO 2010\PROJECTS\WUZIQI\DEBUG\WUZIQI.ILK
C:\USERS\MANHUA\DOCUMENTS\VISUAL STUDIO 2010\PROJECTS\WUZIQI\DEBUG\WUZIQI.PDB
C:\USERS\MANHUA\DOCUMENTS\VISUAL STUDIO 2010\PROJECTS\WUZIQI\WUZIQI\DEBUG\1.OBJ
C:\USERS\MANHUA\DOCUMENTS\VISUAL STUDIO 2010\PROJECTS\WUZIQI\WUZIQI\DEBUG\CHESSBOARD.OBJ
C:\USERS\MANHUA\DOCUMENTS\VISUAL STUDIO 2010\PROJECTS\WUZIQI\WUZIQI\DEBUG\CHESSMAN.OBJ
C:\Users\Manhua\documents\visual studio 2010\Projects\wuziqi\wuziqi\Debug\cl.command.1.tlog
C:\Users\Manhua\documents\visual studio 2010\Projects\wuziqi\wuziqi\Debug\CL.read.1.tlog
C:\Users\Manhua\documents\visual studio 2010\Projects\wuziqi\wuziqi\Debug\CL.write.1.tlog
C:\USERS\MANHUA\DOCUMENTS\VISUAL STUDIO 2010\PROJECTS\WUZIQI\WUZIQI\DEBUG\GOBANG.OBJ
C:\Users\Manhua\documents\visual studio 2010\Projects\wuziqi\wuziqi\Debug\link.1108.read.1.tlog
C:\Users\Manhua\documents\visual studio 2010\Projects\wuziqi\wuziqi\Debug\link.1108.write.1.tlog
C:\Users\Manhua\documents\visual studio 2010\Projects\wuziqi\wuziqi\Debug\link.1108-cvtres.read.1.tlog
C:\Users\Manhua\documents\visual studio 2010\Projects\wuziqi\wuziqi\Debug\link.1108-cvtres.write.1.tlog
C:\Users\Manhua\documents\visual studio 2010\Projects\wuziqi\wuziqi\Debug\link.1400.read.1.tlog
C:\Users\Manhua\documents\visual studio 2010\Projects\wuziqi\wuziqi\Debug\link.1400.write.1.tlog
C:\Users\Manhua\documents\visual studio 2010\Projects\wuziqi\wuziqi\Debug\link.1400-cvtres.read.1.tlog
C:\Users\Manhua\documents\visual studio 2010\Projects\wuziqi\wuziqi\Debug\link.1400-cvtres.write.1.tlog
C:\Users\Manhua\documents\visual studio 2010\Projects\wuziqi\wuziqi\Debug\link.384.read.1.tlog
C:\Users\Manhua\documents\visual studio 2010\Projects\wuziqi\wuziqi\Debug\link.384.write.1.tlog
C:\Users\Manhua\documents\visual studio 2010\Projects\wuziqi\wuziqi\Debug\link.384-cvtres.read.1.tlog
C:\Users\Manhua\documents\visual studio 2010\Projects\wuziqi\wuziqi\Debug\link.384-cvtres.write.1.tlog
C:\Users\Manhua\documents\visual studio 2010\Projects\wuziqi\wuziqi\Debug\link.4072.read.1.tlog
C:\Users\Manhua\documents\visual studio 2010\Projects\wuziqi\wuziqi\Debug\link.4072.write.1.tlog
C:\Users\Manhua\documents\visual studio 2010\Projects\wuziqi\wuziqi\Debug\link.4072-cvtres.read.1.tlog
C:\Users\Manhua\documents\visual studio 2010\Projects\wuziqi\wuziqi\Debug\link.4072-cvtres.write.1.tlog
C:\Users\Manhua\documents\visual studio 2010\Projects\wuziqi\wuziqi\Debug\link.4612.read.1.tlog
C:\Users\Manhua\documents\visual studio 2010\Projects\wuziqi\wuziqi\Debug\link.4612.write.1.tlog
C:\Users\Manhua\documents\visual studio 2010\Projects\wuziqi\wuziqi\Debug\link.4612-cvtres.read.1.tlog
C:\Users\Manhua\documents\visual studio 2010\Projects\wuziqi\wuziqi\Debug\link.4612-cvtres.write.1.tlog
C:\Users\Manhua\documents\visual studio 2010\Projects\wuziqi\wuziqi\Debug\link.5080.read.1.tlog
C:\Users\Manhua\documents\visual studio 2010\Projects\wuziqi\wuziqi\Debug\link.5080.write.1.tlog
C:\Users\Manhua\documents\visual studio 2010\Projects\wuziqi\wuziqi\Debug\link.5080-cvtres.read.1.tlog
C:\Users\Manhua\documents\visual studio 2010\Projects\wuziqi\wuziqi\Debug\link.5080-cvtres.write.1.tlog
C:\Users\Manhua\documents\visual studio 2010\Projects\wuziqi\wuziqi\Debug\link.5496.read.1.tlog
C:\Users\Manhua\documents\visual studio 2010\Projects\wuziqi\wuziqi\Debug\link.5496.write.1.tlog
C:\Users\Manhua\documents\visual studio 2010\Projects\wuziqi\wuziqi\Debug\link.5496-cvtres.read.1.tlog
C:\Users\Manhua\documents\visual studio 2010\Projects\wuziqi\wuziqi\Debug\link.5496-cvtres.write.1.tlog
C:\Users\Manhua\documents\visual studio 2010\Projects\wuziqi\wuziqi\Debug\link.5596.read.1.tlog
C:\Users\Manhua\documents\visual studio 2010\Projects\wuziqi\wuziqi\Debug\link.5596.write.1.tlog
C:\Users\Manhua\documents\visual studio 2010\Projects\wuziqi\wuziqi\Debug\link.5596-cvtres.read.1.tlog
C:\Users\Manhua\documents\visual studio 2010\Projects\wuziqi\wuziqi\Debug\link.5596-cvtres.write.1.tlog
C:\Users\Manhua\documents\visual studio 2010\Projects\wuziqi\wuziqi\Debug\link.5692.read.1.tlog
C:\Users\Manhua\documents\visual studio 2010\Projects\wuziqi\wuziqi\Debug\link.5692.write.1.tlog
C:\Users\Manhua\documents\visual studio 2010\Projects\wuziqi\wuziqi\Debug\link.5692-cvtres.read.1.tlog
C:\Users\Manhua\documents\visual studio 2010\Projects\wuziqi\wuziqi\Debug\link.5692-cvtres.write.1.tlog
C:\Users\Manhua\documents\visual studio 2010\Projects\wuziqi\wuziqi\Debug\link.5864.read.1.tlog
C:\Users\Manhua\documents\visual studio 2010\Projects\wuziqi\wuziqi\Debug\link.5864.write.1.tlog
C:\Users\Manhua\documents\visual studio 2010\Projects\wuziqi\wuziqi\Debug\link.5864-cvtres.read.1.tlog
C:\Users\Manhua\documents\visual studio 2010\Projects\wuziqi\wuziqi\Debug\link.5864-cvtres.write.1.tlog
C:\Users\Manhua\documents\visual studio 2010\Projects\wuziqi\wuziqi\Debug\link.6584.read.1.tlog
C:\Users\Manhua\documents\visual studio 2010\Projects\wuziqi\wuziqi\Debug\link.6584.write.1.tlog
C:\Users\Manhua\documents\visual studio 2010\Projects\wuziqi\wuziqi\Debug\link.6584-cvtres.read.1.tlog
C:\Users\Manhua\documents\visual studio 2010\Projects\wuziqi\wuziqi\Debug\link.6584-cvtres.write.1.tlog
C:\Users\Manhua\documents\visual studio 2010\Projects\wuziqi\wuziqi\Debug\link.command.1.tlog
C:\Users\Manhua\documents\visual studio 2010\Projects\wuziqi\wuziqi\Debug\link.read.1.tlog
C:\Users\Manhua\documents\visual studio 2010\Projects\wuziqi\wuziqi\Debug\link.write.1.tlog
C:\Users\Manhua\documents\visual studio 2010\Projects\wuziqi\wuziqi\Debug\link-cvtres.read.1.tlog
C:\Users\Manhua\documents\visual studio 2010\Projects\wuziqi\wuziqi\Debug\link-cvtres.write.1.tlog
C:\Users\Manhua\documents\visual studio 2010\Projects\wuziqi\wuziqi\Debug\mt.command.1.tlog
C:\Users\Manhua\documents\visual studio 2010\Projects\wuziqi\wuziqi\Debug\mt.read.1.tlog
C:\Users\Manhua\documents\visual studio 2010\Projects\wuziqi\wuziqi\Debug\mt.write.1.tlog
C:\Users\Manhua\documents\visual studio 2010\Projects\wuziqi\wuziqi\Debug\rc.command.1.tlog
C:\Users\Manhua\documents\visual studio 2010\Projects\wuziqi\wuziqi\Debug\rc.read.1.tlog
C:\Users\Manhua\documents\visual studio 2010\Projects\wuziqi\wuziqi\Debug\rc.write.1.tlog
C:\Users\Manhua\documents\visual studio 2010\Projects\wuziqi\wuziqi\Debug\vc100.idb
C:\USERS\MANHUA\DOCUMENTS\VISUAL STUDIO 2010\PROJECTS\WUZIQI\WUZIQI\DEBUG\VC100.PDB
C:\USERS\MANHUA\DOCUMENTS\VISUAL STUDIO 2010\PROJECTS\WUZIQI\WUZIQI\DEBUG\WEB.OBJ
C:\USERS\MANHUA\DOCUMENTS\VISUAL STUDIO 2010\PROJECTS\WUZIQI\WUZIQI\DEBUG\WUZIQI.EXE.EMBED.MANIFEST
C:\USERS\MANHUA\DOCUMENTS\VISUAL STUDIO 2010\PROJECTS\WUZIQI\WUZIQI\DEBUG\WUZIQI.EXE.EMBED.MANIFEST.RES
C:\USERS\MANHUA\DOCUMENTS\VISUAL STUDIO 2010\PROJECTS\WUZIQI\WUZIQI\DEBUG\WUZIQI.EXE.INTERMEDIATE.MANIFEST
C:\Users\Manhua\documents\visual studio 2010\Projects\wuziqi\wuziqi\Debug\wuziqi.vcxprojResolveAssemblyReference.cache
C:\Users\Manhua\documents\visual studio 2010\Projects\wuziqi\wuziqi\Debug\wuziqi.write.1.tlog
C:\Users\Manhua\documents\visual studio 2010\Projects\wuziqi\wuziqi\Debug\wuziqi_manifest.rc
